c:\users\josea\source\repos\zork\x64\release\vc142.pdb
c:\users\josea\source\repos\zork\x64\release\zork.obj
c:\users\josea\source\repos\zork\x64\release\world.obj
c:\users\josea\source\repos\zork\x64\release\room.obj
c:\users\josea\source\repos\zork\x64\release\player.obj
c:\users\josea\source\repos\zork\x64\release\machine.obj
c:\users\josea\source\repos\zork\x64\release\item.obj
c:\users\josea\source\repos\zork\x64\release\entity.obj
c:\users\josea\source\repos\zork\x64\release\door.obj
c:\users\josea\source\repos\zork\x64\release\creature.obj
c:\users\josea\source\repos\zork\x64\release\zork.exe
c:\users\josea\source\repos\zork\x64\release\zork.pdb
c:\users\josea\source\repos\zork\x64\release\zork.ipdb
c:\users\josea\source\repos\zork\x64\release\zork.iobj
c:\users\josea\source\repos\zork\x64\release\zork.tlog\cl.command.1.tlog
c:\users\josea\source\repos\zork\x64\release\zork.tlog\cl.read.1.tlog
c:\users\josea\source\repos\zork\x64\release\zork.tlog\cl.write.1.tlog
c:\users\josea\source\repos\zork\x64\release\zork.tlog\link.command.1.tlog
c:\users\josea\source\repos\zork\x64\release\zork.tlog\link.read.1.tlog
c:\users\josea\source\repos\zork\x64\release\zork.tlog\link.write.1.tlog
c:\users\josea\source\repos\zork\x64\release\zork.tlog\zork.write.1u.tlog
